# JRE version: OpenJDK Runtime Environment (11.0.12+7) (build 11.0.12+7-b1504.28-7817840)
# Java VM: OpenJDK 64-Bit Server VM (11.0.12+7-b1504.28-7817840, mixed mode, tiered, compressed oops, g1 gc, windows-amd64)
Heap:
 garbage-first heap   total 409600K, used 223744K [0x0000000080000000, 0x0000000100000000)
  region size 1024K, 26 young (26624K), 15 survivors (15360K)
 Metaspace       used 123593K, capacity 126751K, committed 126960K, reserved 1159168K
  class space    used 15261K, capacity 16474K, committed 16588K, reserved 1048576K
GC Heap History (20 events):
Event: 533.872 GC heap before
{Heap before GC invocations=204 (full 0):
 garbage-first heap   total 340992K, used 256438K [0x0000000080000000, 0x0000000100000000)
  region size 1024K, 121 young (123904K), 2 survivors (2048K)
 Metaspace       used 122138K, capacity 125221K, committed 125424K, reserved 1159168K
  class space    used 15106K, capacity 16298K, committed 16332K, reserved 1048576K
}
Event: 533.884 GC heap after
{Heap after GC invocations=205 (full 0):
 garbage-first heap   total 340992K, used 136792K [0x0000000080000000, 0x0000000100000000)
  region size 1024K, 3 young (3072K), 3 survivors (3072K)
 Metaspace       used 122138K, capacity 125221K, committed 125424K, reserved 1159168K
  class space    used 15106K, capacity 16298K, committed 16332K, reserved 1048576K
}
Event: 535.506 GC heap before
{Heap before GC invocations=205 (full 0):
 garbage-first heap   total 340992K, used 264792K [0x0000000080000000, 0x0000000100000000)
  region size 1024K, 127 young (130048K), 3 survivors (3072K)
 Metaspace       used 122139K, capacity 125221K, committed 125424K, reserved 1159168K
  class space    used 15106K, capacity 16298K, committed 16332K, reserved 1048576K
}
Event: 535.519 GC heap after
{Heap after GC invocations=206 (full 0):
 garbage-first heap   total 340992K, used 137285K [0x0000000080000000, 0x0000000100000000)
  region size 1024K, 3 young (3072K), 3 survivors (3072K)
 Metaspace       used 122139K, capacity 125221K, committed 125424K, reserved 1159168K
  class space    used 15106K, capacity 16298K, committed 16332K, reserved 1048576K
}
Event: 537.931 GC heap before
{Heap before GC invocations=206 (full 0):
 garbage-first heap   total 340992K, used 269381K [0x0000000080000000, 0x0000000100000000)
  region size 1024K, 132 young (135168K), 3 survivors (3072K)
 Metaspace       used 122149K, capacity 125287K, committed 125424K, reserved 1159168K
  class space    used 15107K, capacity 16298K, committed 16332K, reserved 1048576K
}
Event: 537.951 GC heap after
{Heap after GC invocations=207 (full 0):
 garbage-first heap   total 340992K, used 139236K [0x0000000080000000, 0x0000000100000000)
  region size 1024K, 5 young (5120K), 5 survivors (5120K)
 Metaspace       used 122149K, capacity 125287K, committed 125424K, reserved 1159168K
  class space    used 15107K, capacity 16298K, committed 16332K, reserved 1048576K
}
Event: 542.600 GC heap before
{Heap before GC invocations=207 (full 0):
 garbage-first heap   total 340992K, used 278500K [0x0000000080000000, 0x0000000100000000)
  region size 1024K, 136 young (139264K), 5 survivors (5120K)
 Metaspace       used 122163K, capacity 125295K, committed 125424K, reserved 1159168K
  class space    used 15107K, capacity 16298K, committed 16332K, reserved 1048576K
}
Event: 542.623 GC heap after
{Heap after GC invocations=208 (full 0):
 garbage-first heap   total 340992K, used 139617K [0x0000000080000000, 0x0000000100000000)
  region size 1024K, 5 young (5120K), 5 survivors (5120K)
 Metaspace       used 122163K, capacity 125295K, committed 125424K, reserved 1159168K
  class space    used 15107K, capacity 16298K, committed 16332K, reserved 1048576K
}
Event: 545.063 GC heap before
{Heap before GC invocations=208 (full 0):
 garbage-first heap   total 340992K, used 276833K [0x0000000080000000, 0x0000000100000000)
  region size 1024K, 140 young (143360K), 5 survivors (5120K)
 Metaspace       used 122163K, capacity 125295K, committed 125424K, reserved 1159168K
  class space    used 15107K, capacity 16298K, committed 16332K, reserved 1048576K
}
Event: 545.082 GC heap after
{Heap after GC invocations=209 (full 0):
 garbage-first heap   total 340992K, used 139617K [0x0000000080000000, 0x0000000100000000)
  region size 1024K, 5 young (5120K), 5 survivors (5120K)
 Metaspace       used 122163K, capacity 125295K, committed 125424K, reserved 1159168K
  class space    used 15107K, capacity 16298K, committed 16332K, reserved 1048576K
}
Event: 548.605 GC heap before
{Heap before GC invocations=209 (full 0):
 garbage-first heap   total 340992K, used 290144K [0x0000000080000000, 0x0000000100000000)
  region size 1024K, 142 young (145408K), 5 survivors (5120K)
 Metaspace       used 122526K, capacity 125619K, committed 125808K, reserved 1159168K
  class space    used 15148K, capacity 16339K, committed 16460K, reserved 1048576K
}
Event: 548.629 GC heap after
{Heap after GC invocations=210 (full 0):
 garbage-first heap   total 340992K, used 152869K [0x0000000080000000, 0x0000000100000000)
  region size 1024K, 7 young (7168K), 7 survivors (7168K)
 Metaspace       used 122526K, capacity 125619K, committed 125808K, reserved 1159168K
  class space    used 15148K, capacity 16339K, committed 16460K, reserved 1048576K
}
Event: 548.715 GC heap before
{Heap before GC invocations=210 (full 0):
 garbage-first heap   total 340992K, used 171301K [0x0000000080000000, 0x0000000100000000)
  region size 1024K, 15 young (15360K), 7 survivors (7168K)
 Metaspace       used 122714K, capacity 125843K, committed 126064K, reserved 1159168K
  class space    used 15182K, capacity 16371K, committed 16460K, reserved 1048576K
}
Event: 548.735 GC heap after
{Heap after GC invocations=211 (full 0):
 garbage-first heap   total 340992K, used 162784K [0x0000000080000000, 0x0000000100000000)
  region size 1024K, 10 young (10240K), 10 survivors (10240K)
 Metaspace       used 122714K, capacity 125843K, committed 126064K, reserved 1159168K
  class space    used 15182K, capacity 16371K, committed 16460K, reserved 1048576K
}
Event: 552.936 GC heap before
{Heap before GC invocations=212 (full 0):
 garbage-first heap   total 340992K, used 285664K [0x0000000080000000, 0x0000000100000000)
  region size 1024K, 114 young (116736K), 10 survivors (10240K)
 Metaspace       used 123307K, capacity 126414K, committed 126576K, reserved 1159168K
  class space    used 15233K, capacity 16430K, committed 16460K, reserved 1048576K
}
Event: 553.068 GC heap after
{Heap after GC invocations=213 (full 0):
 garbage-first heap   total 340992K, used 203978K [0x0000000080000000, 0x0000000100000000)
  region size 1024K, 14 young (14336K), 14 survivors (14336K)
 Metaspace       used 123307K, capacity 126414K, committed 126576K, reserved 1159168K
  class space    used 15233K, capacity 16430K, committed 16460K, reserved 1048576K
}
Event: 553.220 GC heap before
{Heap before GC invocations=213 (full 0):
 garbage-first heap   total 340992K, used 206026K [0x0000000080000000, 0x0000000100000000)
  region size 1024K, 16 young (16384K), 14 survivors (14336K)
 Metaspace       used 123308K, capacity 126414K, committed 126576K, reserved 1159168K
  class space    used 15233K, capacity 16430K, committed 16460K, reserved 1048576K
}
Event: 553.300 GC heap after
{Heap after GC invocations=214 (full 0):
 garbage-first heap   total 409600K, used 182272K [0x0000000080000000, 0x0000000100000000)
  region size 1024K, 1 young (1024K), 1 survivors (1024K)
 Metaspace       used 123308K, capacity 126414K, committed 126576K, reserved 1159168K
  class space    used 15233K, capacity 16430K, committed 16460K, reserved 1048576K
}
Event: 560.317 GC heap before
{Heap before GC invocations=214 (full 0):
 garbage-first heap   total 409600K, used 296960K [0x0000000080000000, 0x0000000100000000)
  region size 1024K, 114 young (116736K), 1 survivors (1024K)
 Metaspace       used 123441K, capacity 126567K, committed 126832K, reserved 1159168K
  class space    used 15238K, capacity 16434K, committed 16460K, reserved 1048576K
}
Event: 560.382 GC heap after
{Heap after GC invocations=215 (full 0):
 garbage-first heap   total 409600K, used 213504K [0x0000000080000000, 0x0000000100000000)
  region size 1024K, 15 young (15360K), 15 survivors (15360K)
 Metaspace       used 123441K, capacity 126567K, committed 126832K, reserved 1159168K
  class space    used 15238K, capacity 16434K, committed 16460K, reserved 1048576K
}

